0 info it worked if it ends with ok
1 verbose cli [ 'C:\\Program Files\\nodejs\\node.exe',
1 verbose cli   'C:\\Users\\Administrator.PC-20151225ENXB\\AppData\\Roaming\\npm\\node_modules\\npm\\bin\\npm-cli.js',
1 verbose cli   'start' ]
2 info using npm@3.10.8
3 info using node@v6.8.1
4 verbose run-script [ 'prestart', 'start', 'poststart' ]
5 info lifecycle material-ui-example-webpack@0.15.0~prestart: material-ui-example-webpack@0.15.0
6 silly lifecycle material-ui-example-webpack@0.15.0~prestart: no script for prestart, continuing
7 info lifecycle material-ui-example-webpack@0.15.0~start: material-ui-example-webpack@0.15.0
8 verbose lifecycle material-ui-example-webpack@0.15.0~start: unsafe-perm in lifecycle true
9 verbose lifecycle material-ui-example-webpack@0.15.0~start: PATH: C:\Users\Administrator.PC-20151225ENXB\AppData\Roaming\npm\node_modules\npm\bin\node-gyp-bin;f:\github\sbs\react\material-ui-webpack-example\node_modules\.bin;C:\Program Files\Git\bin;F:\phantomjs;C:\Windows\system32;C:\Windows;C:\Windows\System32\Wbem;C:\Windows\System32\WindowsPowerShell\v1.0\;C:\Program Files (x86)\ATI Technologies\ATI.ACE\Core-Static;C:\Program Files (x86)\Microsoft SQL Server\100\Tools\Binn\;C:\Program Files\Microsoft SQL Server\100\Tools\Binn\;C:\Program Files\Microsoft SQL Server\100\DTS\Binn\;C:\Program Files (x86)\Microsoft SQL Server\100\Tools\Binn\VSShell\Common7\IDE\;C:\Program Files (x86)\Microsoft Visual Studio 9.0\Common7\IDE\PrivateAssemblies\;C:\Program Files (x86)\Microsoft SQL Server\100\DTS\Binn\;C:\Windows\system32\config\systemprofile\.dnx\bin;C:\Program Files\Microsoft DNX\Dnvm\;C:\Program Files\OpenVPN\bin;C:\Program Files\nodejs\;C:\Program Files\TortoiseGit\bin;C:\Program Files (x86)\Microsoft VS Code\bin;C:\Users\Administrator.PC-20151225ENXB\AppData\Roaming\npm
10 verbose lifecycle material-ui-example-webpack@0.15.0~start: CWD: f:\github\sbs\react\material-ui-webpack-example
11 silly lifecycle material-ui-example-webpack@0.15.0~start: Args: [ '/d /s /c',
11 silly lifecycle   'webpack-dev-server --config webpack-dev-server.config.js --progress --inline --colors' ]
12 verbose stack Error: kill ENOSYS
12 verbose stack     at exports._errnoException (util.js:1026:11)
12 verbose stack     at process.kill (internal/process.js:172:13)
12 verbose stack     at process.listener (C:\Users\Administrator.PC-20151225ENXB\AppData\Roaming\npm\node_modules\npm\node_modules\npmlog\node_modules\gauge\node_modules\signal-exit\index.js:86:15)
12 verbose stack     at emitNone (events.js:91:20)
12 verbose stack     at process.emit (events.js:185:7)
12 verbose stack     at processEmit (C:\Users\Administrator.PC-20151225ENXB\AppData\Roaming\npm\node_modules\npm\node_modules\npmlog\node_modules\gauge\node_modules\signal-exit\index.js:146:32)
12 verbose stack     at processEmit (C:\Users\Administrator.PC-20151225ENXB\AppData\Roaming\npm\node_modules\npm\node_modules\npm-registry-client\node_modules\npmlog\node_modules\gauge\node_modules\signal-exit\index.js:146:32)
12 verbose stack     at Signal.wrap.onsignal (internal/process.js:199:44)
13 verbose cwd f:\github\sbs\react\material-ui-webpack-example
14 error Windows_NT 6.1.7601
15 error argv "C:\\Program Files\\nodejs\\node.exe" "C:\\Users\\Administrator.PC-20151225ENXB\\AppData\\Roaming\\npm\\node_modules\\npm\\bin\\npm-cli.js" "start"
16 error node v6.8.1
17 error npm  v3.10.8
18 error code ENOSYS
19 error errno ENOSYS
20 error syscall kill
21 error kill ENOSYS
22 error If you need help, you may report this error at:
22 error     <https://github.com/npm/npm/issues>
23 verbose exit [ 1, true ]
